{
"contracts/Bacchus.sol":{"l":{"30":1,"31":1,"32":1,"33":1,"37":1},"path":"/Users/nathan/Desktop/code/cajudeleite/Projects/Bacchus/DApp/contracts/Bacchus.sol","s":{"1":1,"2":1,"3":1,"4":1},"b":{},"f":{"1":1,"2":1},"fnMap":{"1":{"name":"_createEvent","line":24,"loc":{"start":{"line":24,"column":4},"end":{"line":34,"column":4}}},"2":{"name":"_getEvent","line":36,"loc":{"start":{"line":36,"column":4},"end":{"line":38,"column":4}}}},"statementMap":{"1":{"start":{"line":30,"column":8},"end":{"line":30,"column":74}},"2":{"start":{"line":31,"column":8},"end":{"line":31,"column":41}},"3":{"start":{"line":33,"column":8},"end":{"line":33,"column":46}},"4":{"start":{"line":37,"column":8},"end":{"line":37,"column":31}}},"branchMap":{}}}
